2019-05-16 06:27:23,089 DEBUG    root            Loaded Command Group: [u'gcloud', u'config']
2019-05-16 06:27:23,091 DEBUG    root            Loaded Command Group: [u'gcloud', u'config', u'config_helper']
2019-05-16 06:27:23,095 DEBUG    root            Running [gcloud.config.config-helper] with arguments: [--format: "json"]
2019-05-16 06:27:23,105 INFO     root            Display format: "default json"
2019-05-16 06:27:23,106 INFO     ___FILE_ONLY___ {
  "configuration": {
    "active_configuration": "default",
    "properties": {
      "core": {
        "account": "abhijit.dey94.prr@gmail.com",
        "disable_usage_reporting": "True",
        "project": "xenon-mantis-228404"
      }
    }
  },
  "credential": {
    "access_token": "ya29.GlwLBzk2wPgsBa1EwX-AtvXQqZZXdbfLKu5dfZR-GuUfXK9aM9S2iLJpFQXdghwJntL8Ay0mQbswmX3V1JoBhR6MMwU1rXs0OaczU7x3ooZ4UzG1f-Bb1GWEFVnKnw",
    "token_expiry": "2019-05-16T07:27:22Z"
  },
  "sentinels": {
    "config_sentinel": "/root/.config/gcloud/config_sentinel"
  }
}
2019-05-16 06:27:23,106 INFO     ___FILE_ONLY___ 

2019-05-16 06:27:23,112 DEBUG    root            SDK update checks are disabled.
