2019-05-16 08:30:01,419 DEBUG    root            Loaded Command Group: [u'gcloud', u'config']
2019-05-16 08:30:01,422 DEBUG    root            Loaded Command Group: [u'gcloud', u'config', u'config_helper']
2019-05-16 08:30:01,426 DEBUG    root            Running [gcloud.config.config-helper] with arguments: [--format: "json"]
2019-05-16 08:30:01,446 INFO     oauth2client.client Refreshing access_token
2019-05-16 08:30:01,567 INFO     root            Display format: "default json"
2019-05-16 08:30:01,569 INFO     ___FILE_ONLY___ {
  "configuration": {
    "active_configuration": "default",
    "properties": {
      "core": {
        "account": "abhijit.dey94.prr@gmail.com",
        "disable_usage_reporting": "True",
        "project": "xenon-mantis-228404"
      }
    }
  },
  "credential": {
    "access_token": "ya29.GlwLB99ETquRp9vDJi1Q8DiPOTcKP0THmE5_TLnbz0-OLRMJ1MM5yfSXmSg5VSuWYI8OHM4byp9zkU_mVNofPK89voUdnXtgtiKENVEzxdYeyKd2w7lO11iQbGLKhg",
    "token_expiry": "2019-05-16T09:30:01Z"
  },
  "sentinels": {
    "config_sentinel": "/root/.config/gcloud/config_sentinel"
  }
}
2019-05-16 08:30:01,569 INFO     ___FILE_ONLY___ 

2019-05-16 08:30:01,570 DEBUG    root            SDK update checks are disabled.
