2019-05-15 10:59:08,918 DEBUG    root            Loaded Command Group: [u'gcloud', u'compute', u'diagnose']
2019-05-15 10:59:08,919 DEBUG    root            Loaded Command Group: [u'gcloud', u'compute', u'operations']
2019-05-15 10:59:08,921 DEBUG    root            Loaded Command Group: [u'gcloud', u'compute', u'disks']
2019-05-15 10:59:08,922 DEBUG    root            Loaded Command Group: [u'gcloud', u'compute', u'addresses']
2019-05-15 10:59:08,923 DEBUG    root            Loaded Command Group: [u'gcloud', u'compute', u'interconnects']
2019-05-15 10:59:08,924 DEBUG    root            Loaded Command Group: [u'gcloud', u'compute', u'target_ssl_proxies']
2019-05-15 10:59:08,926 DEBUG    root            No implementation for release track [GA] for element: [/usr/lib/google-cloud-sdk/lib/surface/compute/resource_policies]
2019-05-15 10:59:08,926 DEBUG    root            Loaded Command Group: [u'gcloud', u'compute', u'snapshots']
2019-05-15 10:59:08,927 DEBUG    root            Loaded Command Group: [u'gcloud', u'compute', u'disk_types']
2019-05-15 10:59:08,928 DEBUG    root            Loaded Command Group: [u'gcloud', u'compute', u'target_tcp_proxies']
2019-05-15 10:59:08,929 DEBUG    root            Loaded Command Group: [u'gcloud', u'compute', u'instances']
2019-05-15 10:59:08,931 DEBUG    root            Loaded Command Group: [u'gcloud', u'compute', u'instance_groups']
2019-05-15 10:59:08,932 DEBUG    root            Loaded Command Group: [u'gcloud', u'compute', u'ssl_policies']
2019-05-15 10:59:08,934 DEBUG    root            Loaded Command Group: [u'gcloud', u'compute', u'images']
2019-05-15 10:59:08,935 DEBUG    root            Loaded Command Group: [u'gcloud', u'compute', u'networks']
2019-05-15 10:59:08,942 DEBUG    root            Loaded Command Group: [u'gcloud', u'compute', u'connect_to_serial_port']
2019-05-15 10:59:08,944 DEBUG    root            Loaded Command Group: [u'gcloud', u'compute', u'accelerator_types']
2019-05-15 10:59:08,945 DEBUG    root            Loaded Command Group: [u'gcloud', u'compute', u'xpn']
2019-05-15 10:59:08,946 DEBUG    root            Loaded Command Group: [u'gcloud', u'compute', u'backend_services']
2019-05-15 10:59:08,948 DEBUG    root            Loaded Command Group: [u'gcloud', u'compute', u'shared_vpc']
2019-05-15 10:59:08,949 DEBUG    root            Loaded Command Group: [u'gcloud', u'compute', u'commitments']
2019-05-15 10:59:08,950 DEBUG    root            No implementation for release track [GA] for element: [/usr/lib/google-cloud-sdk/lib/surface/compute/network_endpoint_groups]
2019-05-15 10:59:08,951 DEBUG    root            Loaded Command Group: [u'gcloud', u'compute', u'reset_windows_password']
2019-05-15 10:59:08,952 DEBUG    root            Loaded Command Group: [u'gcloud', u'compute', u'regions']
2019-05-15 10:59:08,953 DEBUG    root            Loaded Command Group: [u'gcloud', u'compute', u'sign_url']
2019-05-15 10:59:08,954 DEBUG    root            Loaded Command Group: [u'gcloud', u'compute', u'forwarding_rules']
2019-05-15 10:59:08,956 DEBUG    root            Loaded Command Group: [u'gcloud', u'compute', u'target_pools']
2019-05-15 10:59:08,957 DEBUG    root            Loaded Command Group: [u'gcloud', u'compute', u'http_health_checks']
2019-05-15 10:59:08,958 DEBUG    root            Loaded Command Group: [u'gcloud', u'compute', u'target_vpn_gateways']
2019-05-15 10:59:08,959 DEBUG    root            Loaded Command Group: [u'gcloud', u'compute', u'target_http_proxies']
2019-05-15 10:59:08,960 DEBUG    root            Loaded Command Group: [u'gcloud', u'compute', u'firewall_rules']
2019-05-15 10:59:08,963 DEBUG    root            Loaded Command Group: [u'gcloud', u'compute', u'routers']
2019-05-15 10:59:08,965 DEBUG    root            Loaded Command Group: [u'gcloud', u'compute', u'sole_tenancy']
2019-05-15 10:59:08,966 DEBUG    root            Loaded Command Group: [u'gcloud', u'compute', u'target_https_proxies']
2019-05-15 10:59:08,967 DEBUG    root            Loaded Command Group: [u'gcloud', u'compute', u'url_maps']
2019-05-15 10:59:08,998 DEBUG    root            Loaded Command Group: [u'gcloud', u'compute', u'health_checks']
2019-05-15 10:59:09,000 DEBUG    root            Loaded Command Group: [u'gcloud', u'compute', u'ssh']
2019-05-15 10:59:09,002 DEBUG    root            Loaded Command Group: [u'gcloud', u'compute', u'instance_templates']
2019-05-15 10:59:09,003 DEBUG    root            Loaded Command Group: [u'gcloud', u'compute', u'os_login']
2019-05-15 10:59:09,006 DEBUG    root            Loaded Command Group: [u'gcloud', u'compute', u'config_ssh']
2019-05-15 10:59:09,007 DEBUG    root            Loaded Command Group: [u'gcloud', u'compute', u'vpn_tunnels']
2019-05-15 10:59:09,008 DEBUG    root            Loaded Command Group: [u'gcloud', u'compute', u'zones']
2019-05-15 10:59:09,009 DEBUG    root            Loaded Command Group: [u'gcloud', u'compute', u'tpus']
2019-05-15 10:59:09,010 DEBUG    root            Loaded Command Group: [u'gcloud', u'compute', u'project_info']
2019-05-15 10:59:09,012 DEBUG    root            Loaded Command Group: [u'gcloud', u'compute', u'https_health_checks']
2019-05-15 10:59:09,013 DEBUG    root            No implementation for release track [GA] for element: [/usr/lib/google-cloud-sdk/lib/surface/compute/security_policies]
2019-05-15 10:59:09,013 DEBUG    root            Loaded Command Group: [u'gcloud', u'compute', u'backend_buckets']
2019-05-15 10:59:09,015 DEBUG    root            Loaded Command Group: [u'gcloud', u'compute', u'scp']
2019-05-15 10:59:09,016 DEBUG    root            Loaded Command Group: [u'gcloud', u'compute', u'target_instances']
2019-05-15 10:59:09,018 DEBUG    root            Loaded Command Group: [u'gcloud', u'compute', u'machine_types']
2019-05-15 10:59:09,019 DEBUG    root            Loaded Command Group: [u'gcloud', u'compute', u'copy_files']
2019-05-15 10:59:09,021 DEBUG    root            No implementation for release track [GA] for element: [/usr/lib/google-cloud-sdk/lib/surface/compute/rolling_updates]
2019-05-15 10:59:09,021 DEBUG    root            Loaded Command Group: [u'gcloud', u'compute', u'ssl_certificates']
2019-05-15 10:59:09,022 DEBUG    root            Loaded Command Group: [u'gcloud', u'compute', u'routes']
2019-05-15 10:59:09,025 ERROR    root            (gcloud.compute) Invalid choice: 'instance'. Did you mean 'instances'?
