2019-05-15 10:54:15,245 DEBUG    root            Loaded Command Group: [u'gcloud', u'init']
2019-05-15 10:54:15,248 DEBUG    root            Running [gcloud.init] with arguments: []
2019-05-15 10:54:15,248 INFO     ___FILE_ONLY___ Welcome! This command will take you through the configuration of gcloud.


2019-05-15 10:54:15,249 INFO     ___FILE_ONLY___ Your current configuration has been set to: [default]


2019-05-15 10:54:15,249 INFO     ___FILE_ONLY___ You can skip diagnostics next time by using the following flag:

2019-05-15 10:54:15,249 INFO     ___FILE_ONLY___   gcloud init --skip-diagnostics


2019-05-15 10:54:15,249 INFO     ___FILE_ONLY___ Network diagnostic detects and fixes local network connection issues.

2019-05-15 10:54:15,250 INFO     ___FILE_ONLY___ Checking network connection...
2019-05-15 10:54:20,257 INFO     ___FILE_ONLY___ Reachability Check passed.

2019-05-15 10:54:20,258 INFO     ___FILE_ONLY___ Network diagnostic (1/1 checks) passed.


2019-05-15 10:54:29,494 DEBUG    root            Loaded Command Group: [u'gcloud', u'auth']
2019-05-15 10:54:29,502 DEBUG    root            Loaded Command Group: [u'gcloud', u'auth', u'login']
2019-05-15 10:54:29,503 INFO     root            Executing: [gcloud auth login --force --brief]
2019-05-15 10:54:29,505 DEBUG    root            Running [gcloud.auth.login] with arguments: [--brief: "True", --force: "True"]
2019-05-15 10:54:47,909 INFO     ___FILE_ONLY___ Go to the following link in your browser:

    https://accounts.google.com/o/oauth2/auth?redirect_uri=urn%3Aietf%3Awg%3Aoauth%3A2.0%3Aoob&prompt=select_account&response_type=code&client_id=32555940559.apps.googleusercontent.com&scope=https%3A%2F%2Fwww.googleapis.com%2Fauth%2Fuserinfo.email+https%3A%2F%2Fwww.googleapis.com%2Fauth%2Fcloud-platform+https%3A%2F%2Fwww.googleapis.com%2Fauth%2Fappengine.admin+https%3A%2F%2Fwww.googleapis.com%2Fauth%2Fcompute+https%3A%2F%2Fwww.googleapis.com%2Fauth%2Faccounts.reauth&access_type=offline



2019-05-15 10:56:00,524 INFO     oauth2client.client Successfully retrieved access token
2019-05-15 10:56:00,539 INFO     root            Display format: "none"
2019-05-15 10:56:00,543 DEBUG    root            SDK update checks are disabled.
2019-05-15 10:56:00,544 INFO     ___FILE_ONLY___ You are logged in as: [abhijit.dey94.prr@gmail.com].


2019-05-15 10:57:01,048 INFO     ___FILE_ONLY___ Your current project has been set to: [xenon-mantis-228404].


2019-05-15 10:57:01,050 DEBUG    root            Loaded Command Group: [u'gcloud', u'compute', u'project_info']
2019-05-15 10:57:01,074 DEBUG    root            Loaded Command Group: [u'gcloud', u'compute', u'project-info', u'describe']
2019-05-15 10:57:01,076 INFO     root            Executing: [gcloud compute project-info describe --quiet]
2019-05-15 10:57:01,079 DEBUG    root            Running [gcloud.compute.project-info.describe] with arguments: [--no-user-output-enabled: "false", --quiet: "True", --verbosity: "none"]
2019-05-15 10:57:01,646 INFO     root            Display disabled.
2019-05-15 10:57:01,647 DEBUG    root            SDK update checks are disabled.
2019-05-15 10:58:03,159 DEBUG    root            Executing command: [u'/usr/lib/google-cloud-sdk/bin/gsutil', u'config', u'-n', u'-o', u'/root/.boto']
2019-05-15 10:58:04,414 DEBUG    ___FILE_ONLY___ 
2019-05-15 10:58:04,414 DEBUG    ___FILE_ONLY___ This command will create a boto config file at /root/.boto containing
your credentials, based on your responses to the following questions.

Boto config file "/root/.boto" created. If you need to use a proxy to
access the Internet please see the instructions in that file.

2019-05-15 10:58:04,415 INFO     ___FILE_ONLY___ Created a default .boto configuration file at [/root/.boto]. See this file and
[https://cloud.google.com/storage/docs/gsutil/commands/config] for more
information about configuring Google Cloud Storage.

2019-05-15 10:58:04,415 INFO     ___FILE_ONLY___ Your Google Cloud SDK is configured and ready to use!


2019-05-15 10:58:04,415 INFO     ___FILE_ONLY___ * Commands that require authentication will use abhijit.dey94.prr@gmail.com by default

2019-05-15 10:58:04,415 INFO     ___FILE_ONLY___ * Commands will reference project `xenon-mantis-228404` by default

2019-05-15 10:58:04,415 INFO     ___FILE_ONLY___ Run `gcloud help config` to learn how to change individual settings


2019-05-15 10:58:04,416 INFO     ___FILE_ONLY___ This gcloud configuration is called [default]. You can create additional configurations if you work with multiple accounts and/or projects.

2019-05-15 10:58:04,416 INFO     ___FILE_ONLY___ Run `gcloud topic configurations` to learn more.


2019-05-15 10:58:04,416 INFO     ___FILE_ONLY___ Some things to try next:


2019-05-15 10:58:04,416 INFO     ___FILE_ONLY___ * Run `gcloud --help` to see the Cloud Platform services you can interact with. And run `gcloud help COMMAND` to get help on any gcloud command.

2019-05-15 10:58:04,416 INFO     ___FILE_ONLY___ * Run `gcloud topic -h` to learn about advanced features of the SDK like arg files and output formatting

2019-05-15 10:58:04,417 INFO     root            Display format: "default"
2019-05-15 10:58:04,418 DEBUG    root            SDK update checks are disabled.
