2019-05-15 10:59:17,322 DEBUG    root            Loaded Command Group: [u'gcloud', u'compute', u'instances']
2019-05-15 10:59:17,331 DEBUG    root            Loaded Command Group: [u'gcloud', u'compute', u'instances', u'list']
2019-05-15 10:59:17,335 DEBUG    root            Running [gcloud.compute.instances.list] with arguments: []
2019-05-15 10:59:17,902 INFO     root            Display format: "    table(
      name,
      zone.basename(),
      machineType.machine_type().basename(),
      scheduling.preemptible.yesno(yes=true, no=''),
      networkInterfaces[].networkIP.notnull().list():label=INTERNAL_IP,
      networkInterfaces[].accessConfigs[0].natIP.notnull().list()      :label=EXTERNAL_IP,
      status
    )"
2019-05-15 10:59:18,654 INFO     root            cache collection=compute.instances api_version=v1 params=[u'project', u'zone', u'instance']
2019-05-15 10:59:18,658 INFO     ___FILE_ONLY___ NAME
2019-05-15 10:59:18,658 INFO     ___FILE_ONLY___                
2019-05-15 10:59:18,658 INFO     ___FILE_ONLY___ ZONE
2019-05-15 10:59:18,658 INFO     ___FILE_ONLY___            
2019-05-15 10:59:18,659 INFO     ___FILE_ONLY___ MACHINE_TYPE
2019-05-15 10:59:18,659 INFO     ___FILE_ONLY___                
2019-05-15 10:59:18,659 INFO     ___FILE_ONLY___ PREEMPTIBLE
2019-05-15 10:59:18,659 INFO     ___FILE_ONLY___   
2019-05-15 10:59:18,659 INFO     ___FILE_ONLY___ INTERNAL_IP
2019-05-15 10:59:18,659 INFO     ___FILE_ONLY___   
2019-05-15 10:59:18,659 INFO     ___FILE_ONLY___ EXTERNAL_IP
2019-05-15 10:59:18,659 INFO     ___FILE_ONLY___      
2019-05-15 10:59:18,659 INFO     ___FILE_ONLY___ STATUS
2019-05-15 10:59:18,659 INFO     ___FILE_ONLY___ 

2019-05-15 10:59:18,659 INFO     ___FILE_ONLY___ docker-master
2019-05-15 10:59:18,660 INFO     ___FILE_ONLY___       
2019-05-15 10:59:18,660 INFO     ___FILE_ONLY___ asia-south1-c
2019-05-15 10:59:18,660 INFO     ___FILE_ONLY___   
2019-05-15 10:59:18,660 INFO     ___FILE_ONLY___ n1-standard-2
2019-05-15 10:59:18,660 INFO     ___FILE_ONLY___                            
2019-05-15 10:59:18,660 INFO     ___FILE_ONLY___ 10.160.0.17
2019-05-15 10:59:18,660 INFO     ___FILE_ONLY___   
2019-05-15 10:59:18,660 INFO     ___FILE_ONLY___ 35.244.21.149
2019-05-15 10:59:18,660 INFO     ___FILE_ONLY___    
2019-05-15 10:59:18,660 INFO     ___FILE_ONLY___ RUNNING
2019-05-15 10:59:18,660 INFO     ___FILE_ONLY___ 

2019-05-15 10:59:18,660 INFO     ___FILE_ONLY___ git-jenkins-2
2019-05-15 10:59:18,661 INFO     ___FILE_ONLY___       
2019-05-15 10:59:18,661 INFO     ___FILE_ONLY___ asia-south1-c
2019-05-15 10:59:18,661 INFO     ___FILE_ONLY___   
2019-05-15 10:59:18,661 INFO     ___FILE_ONLY___ custom (2 vCPU, 4.25 GiB)
2019-05-15 10:59:18,661 INFO     ___FILE_ONLY___                
2019-05-15 10:59:18,661 INFO     ___FILE_ONLY___ 10.160.0.13
2019-05-15 10:59:18,661 INFO     ___FILE_ONLY___   
2019-05-15 10:59:18,661 INFO     ___FILE_ONLY___ 35.244.39.100
2019-05-15 10:59:18,661 INFO     ___FILE_ONLY___    
2019-05-15 10:59:18,661 INFO     ___FILE_ONLY___ RUNNING
2019-05-15 10:59:18,661 INFO     ___FILE_ONLY___ 

2019-05-15 10:59:18,661 INFO     ___FILE_ONLY___ jenkins-master
2019-05-15 10:59:18,661 INFO     ___FILE_ONLY___      
2019-05-15 10:59:18,661 INFO     ___FILE_ONLY___ asia-south1-c
2019-05-15 10:59:18,661 INFO     ___FILE_ONLY___   
2019-05-15 10:59:18,662 INFO     ___FILE_ONLY___ n1-standard-1
2019-05-15 10:59:18,662 INFO     ___FILE_ONLY___                            
2019-05-15 10:59:18,662 INFO     ___FILE_ONLY___ 10.160.0.2
2019-05-15 10:59:18,662 INFO     ___FILE_ONLY___                    
2019-05-15 10:59:18,662 INFO     ___FILE_ONLY___ TERMINATED
2019-05-15 10:59:18,662 INFO     ___FILE_ONLY___ 

2019-05-15 10:59:18,662 INFO     ___FILE_ONLY___ jenkins-slave-2
2019-05-15 10:59:18,662 INFO     ___FILE_ONLY___     
2019-05-15 10:59:18,662 INFO     ___FILE_ONLY___ asia-south1-c
2019-05-15 10:59:18,662 INFO     ___FILE_ONLY___   
2019-05-15 10:59:18,662 INFO     ___FILE_ONLY___ n1-standard-2
2019-05-15 10:59:18,662 INFO     ___FILE_ONLY___                            
2019-05-15 10:59:18,662 INFO     ___FILE_ONLY___ 10.160.0.16
2019-05-15 10:59:18,663 INFO     ___FILE_ONLY___   
2019-05-15 10:59:18,663 INFO     ___FILE_ONLY___ 35.200.235.62
2019-05-15 10:59:18,663 INFO     ___FILE_ONLY___    
2019-05-15 10:59:18,663 INFO     ___FILE_ONLY___ RUNNING
2019-05-15 10:59:18,663 INFO     ___FILE_ONLY___ 

2019-05-15 10:59:18,663 INFO     ___FILE_ONLY___ jenkins-slave1
2019-05-15 10:59:18,663 INFO     ___FILE_ONLY___      
2019-05-15 10:59:18,663 INFO     ___FILE_ONLY___ asia-south1-c
2019-05-15 10:59:18,663 INFO     ___FILE_ONLY___   
2019-05-15 10:59:18,663 INFO     ___FILE_ONLY___ n1-standard-2
2019-05-15 10:59:18,663 INFO     ___FILE_ONLY___                            
2019-05-15 10:59:18,663 INFO     ___FILE_ONLY___ 10.160.0.14
2019-05-15 10:59:18,663 INFO     ___FILE_ONLY___   
2019-05-15 10:59:18,663 INFO     ___FILE_ONLY___ 35.244.26.176
2019-05-15 10:59:18,664 INFO     ___FILE_ONLY___    
2019-05-15 10:59:18,664 INFO     ___FILE_ONLY___ RUNNING
2019-05-15 10:59:18,664 INFO     ___FILE_ONLY___ 

2019-05-15 10:59:18,664 INFO     ___FILE_ONLY___ kubernetes-master
2019-05-15 10:59:18,664 INFO     ___FILE_ONLY___   
2019-05-15 10:59:18,664 INFO     ___FILE_ONLY___ asia-south1-c
2019-05-15 10:59:18,664 INFO     ___FILE_ONLY___   
2019-05-15 10:59:18,664 INFO     ___FILE_ONLY___ n1-standard-2
2019-05-15 10:59:18,664 INFO     ___FILE_ONLY___                            
2019-05-15 10:59:18,664 INFO     ___FILE_ONLY___ 10.160.0.10
2019-05-15 10:59:18,664 INFO     ___FILE_ONLY___                   
2019-05-15 10:59:18,664 INFO     ___FILE_ONLY___ TERMINATED
2019-05-15 10:59:18,664 INFO     ___FILE_ONLY___ 

2019-05-15 10:59:18,664 INFO     ___FILE_ONLY___ tomcat-server1
2019-05-15 10:59:18,665 INFO     ___FILE_ONLY___      
2019-05-15 10:59:18,665 INFO     ___FILE_ONLY___ asia-south1-c
2019-05-15 10:59:18,665 INFO     ___FILE_ONLY___   
2019-05-15 10:59:18,665 INFO     ___FILE_ONLY___ n1-standard-1
2019-05-15 10:59:18,665 INFO     ___FILE_ONLY___                            
2019-05-15 10:59:18,665 INFO     ___FILE_ONLY___ 10.160.0.5
2019-05-15 10:59:18,665 INFO     ___FILE_ONLY___                    
2019-05-15 10:59:18,665 INFO     ___FILE_ONLY___ TERMINATED
2019-05-15 10:59:18,665 INFO     ___FILE_ONLY___ 

2019-05-15 10:59:18,665 INFO     ___FILE_ONLY___ tomcat2
2019-05-15 10:59:18,665 INFO     ___FILE_ONLY___             
2019-05-15 10:59:18,665 INFO     ___FILE_ONLY___ asia-south1-c
2019-05-15 10:59:18,665 INFO     ___FILE_ONLY___   
2019-05-15 10:59:18,665 INFO     ___FILE_ONLY___ n1-standard-1
2019-05-15 10:59:18,666 INFO     ___FILE_ONLY___                            
2019-05-15 10:59:18,666 INFO     ___FILE_ONLY___ 10.160.0.6
2019-05-15 10:59:18,666 INFO     ___FILE_ONLY___                    
2019-05-15 10:59:18,666 INFO     ___FILE_ONLY___ TERMINATED
2019-05-15 10:59:18,666 INFO     ___FILE_ONLY___ 

2019-05-15 10:59:18,666 INFO     ___FILE_ONLY___ ansible-master
2019-05-15 10:59:18,666 INFO     ___FILE_ONLY___      
2019-05-15 10:59:18,666 INFO     ___FILE_ONLY___ us-east1-b
2019-05-15 10:59:18,666 INFO     ___FILE_ONLY___      
2019-05-15 10:59:18,666 INFO     ___FILE_ONLY___ n1-standard-1
2019-05-15 10:59:18,666 INFO     ___FILE_ONLY___                            
2019-05-15 10:59:18,666 INFO     ___FILE_ONLY___ 10.142.0.6
2019-05-15 10:59:18,666 INFO     ___FILE_ONLY___                    
2019-05-15 10:59:18,666 INFO     ___FILE_ONLY___ TERMINATED
2019-05-15 10:59:18,667 INFO     ___FILE_ONLY___ 

2019-05-15 10:59:18,667 INFO     ___FILE_ONLY___ git-server
2019-05-15 10:59:18,667 INFO     ___FILE_ONLY___          
2019-05-15 10:59:18,667 INFO     ___FILE_ONLY___ us-east1-b
2019-05-15 10:59:18,667 INFO     ___FILE_ONLY___      
2019-05-15 10:59:18,667 INFO     ___FILE_ONLY___ n1-standard-1
2019-05-15 10:59:18,667 INFO     ___FILE_ONLY___                            
2019-05-15 10:59:18,667 INFO     ___FILE_ONLY___ 10.142.0.2
2019-05-15 10:59:18,667 INFO     ___FILE_ONLY___                    
2019-05-15 10:59:18,667 INFO     ___FILE_ONLY___ TERMINATED
2019-05-15 10:59:18,667 INFO     ___FILE_ONLY___ 

2019-05-15 10:59:18,667 INFO     ___FILE_ONLY___ jenkins-backup
2019-05-15 10:59:18,667 INFO     ___FILE_ONLY___      
2019-05-15 10:59:18,668 INFO     ___FILE_ONLY___ us-east1-b
2019-05-15 10:59:18,668 INFO     ___FILE_ONLY___      
2019-05-15 10:59:18,668 INFO     ___FILE_ONLY___ n1-standard-2
2019-05-15 10:59:18,668 INFO     ___FILE_ONLY___                            
2019-05-15 10:59:18,668 INFO     ___FILE_ONLY___ 10.142.0.14
2019-05-15 10:59:18,668 INFO     ___FILE_ONLY___                   
2019-05-15 10:59:18,668 INFO     ___FILE_ONLY___ TERMINATED
2019-05-15 10:59:18,668 INFO     ___FILE_ONLY___ 

2019-05-15 10:59:18,668 INFO     ___FILE_ONLY___ k8s-master
2019-05-15 10:59:18,668 INFO     ___FILE_ONLY___          
2019-05-15 10:59:18,668 INFO     ___FILE_ONLY___ us-east1-b
2019-05-15 10:59:18,668 INFO     ___FILE_ONLY___      
2019-05-15 10:59:18,668 INFO     ___FILE_ONLY___ n1-standard-4
2019-05-15 10:59:18,668 INFO     ___FILE_ONLY___                            
2019-05-15 10:59:18,669 INFO     ___FILE_ONLY___ 10.142.0.15
2019-05-15 10:59:18,669 INFO     ___FILE_ONLY___   
2019-05-15 10:59:18,669 INFO     ___FILE_ONLY___ 35.227.112.164
2019-05-15 10:59:18,669 INFO     ___FILE_ONLY___   
2019-05-15 10:59:18,669 INFO     ___FILE_ONLY___ RUNNING
2019-05-15 10:59:18,669 INFO     ___FILE_ONLY___ 

2019-05-15 10:59:18,669 INFO     ___FILE_ONLY___ node1-dockerswarm
2019-05-15 10:59:18,669 INFO     ___FILE_ONLY___   
2019-05-15 10:59:18,669 INFO     ___FILE_ONLY___ us-east1-b
2019-05-15 10:59:18,669 INFO     ___FILE_ONLY___      
2019-05-15 10:59:18,669 INFO     ___FILE_ONLY___ n1-standard-1
2019-05-15 10:59:18,669 INFO     ___FILE_ONLY___                            
2019-05-15 10:59:18,669 INFO     ___FILE_ONLY___ 10.142.0.9
2019-05-15 10:59:18,669 INFO     ___FILE_ONLY___                    
2019-05-15 10:59:18,669 INFO     ___FILE_ONLY___ TERMINATED
2019-05-15 10:59:18,669 INFO     ___FILE_ONLY___ 

2019-05-15 10:59:18,670 INFO     ___FILE_ONLY___ node2-dockerswarm
2019-05-15 10:59:18,670 INFO     ___FILE_ONLY___   
2019-05-15 10:59:18,670 INFO     ___FILE_ONLY___ us-east1-b
2019-05-15 10:59:18,670 INFO     ___FILE_ONLY___      
2019-05-15 10:59:18,670 INFO     ___FILE_ONLY___ n1-standard-1
2019-05-15 10:59:18,670 INFO     ___FILE_ONLY___                            
2019-05-15 10:59:18,670 INFO     ___FILE_ONLY___ 10.142.0.10
2019-05-15 10:59:18,670 INFO     ___FILE_ONLY___                   
2019-05-15 10:59:18,670 INFO     ___FILE_ONLY___ TERMINATED
2019-05-15 10:59:18,670 INFO     ___FILE_ONLY___ 

2019-05-15 10:59:18,671 DEBUG    root            SDK update checks are disabled.
