2019-05-15 11:16:34,265 DEBUG    root            Loaded Command Group: [u'gcloud', u'config']
2019-05-15 11:16:34,270 DEBUG    root            Loaded Command Group: [u'gcloud', u'config', u'config_helper']
2019-05-15 11:16:34,274 DEBUG    root            Running [gcloud.config.config-helper] with arguments: [--format: "json"]
2019-05-15 11:16:34,288 INFO     root            Display format: "default json"
2019-05-15 11:16:34,289 INFO     ___FILE_ONLY___ {
  "configuration": {
    "active_configuration": "default",
    "properties": {
      "core": {
        "account": "abhijit.dey94.prr@gmail.com",
        "disable_usage_reporting": "True",
        "project": "xenon-mantis-228404"
      }
    }
  },
  "credential": {
    "access_token": "ya29.GlsJB0yEkvMgXV3ClIS0QuTP1OqiHpT2_r1BTzQy3bEIamJnp1iHH9hAv3C4DGhGGQolUiYJzft7_aQcJfUKY6W0cOPxLVhWzOTMeFcFpPVzEwKuKQnbQh0dLby2",
    "token_expiry": "2019-05-15T11:56:00Z"
  },
  "sentinels": {
    "config_sentinel": "/root/.config/gcloud/config_sentinel"
  }
}
2019-05-15 11:16:34,289 INFO     ___FILE_ONLY___ 

2019-05-15 11:16:34,295 DEBUG    root            SDK update checks are disabled.
